2019-02-26 22:12:26,818 ERROR: Exception on /reset_password_request [POST] [in c:\users\veshi\desktop\projects\site_moneta\flask\lib\site-packages\flask\app.py:1761]
Traceback (most recent call last):
  File "c:\users\veshi\desktop\projects\site_moneta\flask\lib\site-packages\flask_mail.py", line 492, in send
    message.send(connection)
  File "c:\users\veshi\desktop\projects\site_moneta\flask\lib\site-packages\flask_mail.py", line 427, in send
    connection.send(self)
  File "c:\users\veshi\desktop\projects\site_moneta\flask\lib\site-packages\flask_mail.py", line 192, in send
    message.rcpt_options)
  File "C:\Program Files\Python37\lib\smtplib.py", line 852, in sendmail
    self.ehlo_or_helo_if_needed()
  File "C:\Program Files\Python37\lib\smtplib.py", line 600, in ehlo_or_helo_if_needed
    if not (200 <= self.ehlo()[0] <= 299):
  File "C:\Program Files\Python37\lib\smtplib.py", line 440, in ehlo
    self.putcmd(self.ehlo_msg, name or self.local_hostname)
  File "C:\Program Files\Python37\lib\smtplib.py", line 367, in putcmd
    self.send(str)
  File "C:\Program Files\Python37\lib\smtplib.py", line 359, in send
    raise SMTPServerDisconnected('please run connect() first')
smtplib.SMTPServerDisconnected: please run connect() first

During handling of the above exception, another exception occurred:

Traceback (most recent call last):
  File "c:\users\veshi\desktop\projects\site_moneta\flask\lib\site-packages\flask\app.py", line 2292, in wsgi_app
    response = self.full_dispatch_request()
  File "c:\users\veshi\desktop\projects\site_moneta\flask\lib\site-packages\flask\app.py", line 1815, in full_dispatch_request
    rv = self.handle_user_exception(e)
  File "c:\users\veshi\desktop\projects\site_moneta\flask\lib\site-packages\flask\app.py", line 1718, in handle_user_exception
    reraise(exc_type, exc_value, tb)
  File "c:\users\veshi\desktop\projects\site_moneta\flask\lib\site-packages\flask\_compat.py", line 35, in reraise
    raise value
  File "c:\users\veshi\desktop\projects\site_moneta\flask\lib\site-packages\flask\app.py", line 1813, in full_dispatch_request
    rv = self.dispatch_request()
  File "c:\users\veshi\desktop\projects\site_moneta\flask\lib\site-packages\flask\app.py", line 1799, in dispatch_request
    return self.view_functions[rule.endpoint](**req.view_args)
  File "C:\Users\veshi\Desktop\Projects\Site_Moneta\moneta\app\routes.py", line 164, in reset_password_request
    send_password_reset_email(user)
  File "C:\Users\veshi\Desktop\Projects\Site_Moneta\moneta\app\email.py", line 20, in send_password_reset_email
    user=user, token=token))
  File "C:\Users\veshi\Desktop\Projects\Site_Moneta\moneta\app\email.py", line 9, in send_email
    mail.send(msg)
  File "c:\users\veshi\desktop\projects\site_moneta\flask\lib\site-packages\flask_mail.py", line 492, in send
    message.send(connection)
  File "c:\users\veshi\desktop\projects\site_moneta\flask\lib\site-packages\flask_mail.py", line 152, in __exit__
    self.host.quit()
  File "C:\Program Files\Python37\lib\smtplib.py", line 984, in quit
    res = self.docmd("quit")
  File "C:\Program Files\Python37\lib\smtplib.py", line 420, in docmd
    self.putcmd(cmd, args)
  File "C:\Program Files\Python37\lib\smtplib.py", line 367, in putcmd
    self.send(str)
  File "C:\Program Files\Python37\lib\smtplib.py", line 359, in send
    raise SMTPServerDisconnected('please run connect() first')
smtplib.SMTPServerDisconnected: please run connect() first
